0 info it worked if it ends with ok
1 verbose cli [ 'D:\\ProgramFiles\\nodejs\\node.exe',
1 verbose cli   'D:\\ProgramFiles\\nodejs\\node_modules\\npm\\bin\\npm-cli.js',
1 verbose cli   'install',
1 verbose cli   '-g',
1 verbose cli   'xmysql' ]
2 info using npm@3.3.12
3 info using node@v5.3.0
4 silly loadCurrentTree Starting
5 silly install loadCurrentTree
6 silly install readGlobalPackageData
7 silly fetchPackageMetaData xmysql
8 silly fetchNamedPackageData xmysql
9 silly mapToRegistry name xmysql
10 silly mapToRegistry using default registry
11 silly mapToRegistry registry https://registry.npmjs.org/
12 silly mapToRegistry uri https://registry.npmjs.org/xmysql
13 verbose request uri https://registry.npmjs.org/xmysql
14 verbose request no auth needed
15 info attempt registry request try #1 at 11:40:55
16 verbose request id 99d1866a068edb90
17 http request GET https://registry.npmjs.org/xmysql
18 http 200 https://registry.npmjs.org/xmysql
19 verbose headers { server: 'nginx/1.10.1',
19 verbose headers   'content-type': 'application/json',
19 verbose headers   'last-modified': 'Sat, 11 Nov 2017 18:14:02 GMT',
19 verbose headers   etag: 'W/"5a073dea-acda"',
19 verbose headers   'content-encoding': 'gzip',
19 verbose headers   'cache-control': 'max-age=300',
19 verbose headers   'content-length': '9123',
19 verbose headers   'accept-ranges': 'bytes',
19 verbose headers   date: 'Sun, 12 Nov 2017 03:40:48 GMT',
19 verbose headers   via: '1.1 varnish',
19 verbose headers   age: '0',
19 verbose headers   connection: 'keep-alive',
19 verbose headers   'x-served-by': 'cache-nrt6124-NRT',
19 verbose headers   'x-cache': 'MISS',
19 verbose headers   'x-cache-hits': '0',
19 verbose headers   'x-timer': 'S1510458048.474713,VS0,VE135',
19 verbose headers   vary: 'Accept-Encoding, Accept' }
20 silly get cb [ 200,
20 silly get   { server: 'nginx/1.10.1',
20 silly get     'content-type': 'application/json',
20 silly get     'last-modified': 'Sat, 11 Nov 2017 18:14:02 GMT',
20 silly get     etag: 'W/"5a073dea-acda"',
20 silly get     'content-encoding': 'gzip',
20 silly get     'cache-control': 'max-age=300',
20 silly get     'content-length': '9123',
20 silly get     'accept-ranges': 'bytes',
20 silly get     date: 'Sun, 12 Nov 2017 03:40:48 GMT',
20 silly get     via: '1.1 varnish',
20 silly get     age: '0',
20 silly get     connection: 'keep-alive',
20 silly get     'x-served-by': 'cache-nrt6124-NRT',
20 silly get     'x-cache': 'MISS',
20 silly get     'x-cache-hits': '0',
20 silly get     'x-timer': 'S1510458048.474713,VS0,VE135',
20 silly get     vary: 'Accept-Encoding, Accept' } ]
21 verbose get saving xmysql to C:\Users\Administrator\AppData\Roaming\npm-cache\registry.npmjs.org\xmysql\.cache.json
22 silly install normalizeTree
23 silly loadCurrentTree Finishing
24 silly loadIdealTree Starting
25 silly install loadIdealTree
26 silly cloneCurrentTree Starting
27 silly install cloneCurrentTreeToIdealTree
28 silly cloneCurrentTree Finishing
29 silly loadShrinkwrap Starting
30 silly install loadShrinkwrap
31 silly loadShrinkwrap Finishing
32 silly loadAllDepsIntoIdealTree Starting
33 silly install loadAllDepsIntoIdealTree
34 warn engine xmysql@0.2.2: wanted: {"node":">= 7.6.0"} (current: {"node":"5.3.0","npm":"3.3.12"})
35 silly resolveWithNewModule xmysql@0.2.2 checking installable status
36 warn engine xmysql@0.2.2: wanted: {"node":">= 7.6.0"} (current: {"node":"5.3.0","npm":"3.3.12"})
37 silly cache add args [ 'xmysql', null ]
38 verbose cache add spec xmysql
39 silly cache add parsed spec Result {
39 silly cache add   raw: 'xmysql',
39 silly cache add   scope: null,
39 silly cache add   name: 'xmysql',
39 silly cache add   rawSpec: '',
39 silly cache add   spec: '*',
39 silly cache add   type: 'range' }
40 silly addNamed xmysql@*
41 verbose addNamed "*" is a valid semver range for xmysql
42 silly addNameRange { name: 'xmysql', range: '*', hasData: false }
43 silly mapToRegistry name xmysql
44 silly mapToRegistry using default registry
45 silly mapToRegistry registry https://registry.npmjs.org/
46 silly mapToRegistry uri https://registry.npmjs.org/xmysql
47 verbose addNameRange registry:https://registry.npmjs.org/xmysql not in flight; fetching
48 verbose get https://registry.npmjs.org/xmysql not expired, no request
49 silly addNameRange number 2 { name: 'xmysql', range: '*', hasData: true }
50 silly addNameRange versions [ 'xmysql',
50 silly addNameRange   [ '0.0.2',
50 silly addNameRange     '0.0.3',
50 silly addNameRange     '0.0.4',
50 silly addNameRange     '0.0.5',
50 silly addNameRange     '0.0.6',
50 silly addNameRange     '0.0.8',
50 silly addNameRange     '0.0.9',
50 silly addNameRange     '0.1.0',
50 silly addNameRange     '0.1.4',
50 silly addNameRange     '0.1.5',
50 silly addNameRange     '0.1.6',
50 silly addNameRange     '0.1.8',
50 silly addNameRange     '0.1.9',
50 silly addNameRange     '0.2.0',
50 silly addNameRange     '0.2.1',
50 silly addNameRange     '0.2.2' ] ]
51 silly addNamed xmysql@0.2.2
52 verbose addNamed "0.2.2" is a plain semver version for xmysql
53 silly mapToRegistry name xmysql
54 silly mapToRegistry using default registry
55 silly mapToRegistry registry https://registry.npmjs.org/
56 silly mapToRegistry uri https://registry.npmjs.org/xmysql
57 verbose addRemoteTarball https://registry.npmjs.org/xmysql/-/xmysql-0.2.2.tgz not in flight; adding
58 verbose addRemoteTarball [ 'https://registry.npmjs.org/xmysql/-/xmysql-0.2.2.tgz',
58 verbose addRemoteTarball   '4d09aed285057671ee3ed66c22ca3c297338b71f' ]
59 info retry fetch attempt 1 at 11:40:57
60 info attempt registry request try #1 at 11:40:57
61 http fetch GET https://registry.npmjs.org/xmysql/-/xmysql-0.2.2.tgz
62 http fetch 200 https://registry.npmjs.org/xmysql/-/xmysql-0.2.2.tgz
63 silly fetchAndShaCheck shasum 4d09aed285057671ee3ed66c22ca3c297338b71f
64 verbose addTmpTarball C:\Users\ADMINI~1\AppData\Local\Temp\npm-2807468-f1595988\registry.npmjs.org\xmysql\-\xmysql-0.2.2.tgz not in flight; adding
65 verbose addTmpTarball already have metadata; skipping unpack for xmysql@0.2.2
66 silly cache afterAdd xmysql@0.2.2
67 verbose afterAdd C:\Users\Administrator\AppData\Roaming\npm-cache\xmysql\0.2.2\package\package.json not in flight; writing
68 verbose afterAdd C:\Users\Administrator\AppData\Roaming\npm-cache\xmysql\0.2.2\package\package.json written
69 silly fetchNamedPackageData assert
70 silly mapToRegistry name assert
71 silly mapToRegistry using default registry
72 silly mapToRegistry registry https://registry.npmjs.org/
73 silly mapToRegistry uri https://registry.npmjs.org/assert
74 silly fetchNamedPackageData body-parser
75 silly mapToRegistry name body-parser
76 silly mapToRegistry using default registry
77 silly mapToRegistry registry https://registry.npmjs.org/
78 silly mapToRegistry uri https://registry.npmjs.org/body-parser
79 silly fetchNamedPackageData colors
80 silly mapToRegistry name colors
81 silly mapToRegistry using default registry
82 silly mapToRegistry registry https://registry.npmjs.org/
83 silly mapToRegistry uri https://registry.npmjs.org/colors
84 silly fetchNamedPackageData commander
85 silly mapToRegistry name commander
86 silly mapToRegistry using default registry
87 silly mapToRegistry registry https://registry.npmjs.org/
88 silly mapToRegistry uri https://registry.npmjs.org/commander
89 silly fetchNamedPackageData express
90 silly mapToRegistry name express
91 silly mapToRegistry using default registry
92 silly mapToRegistry registry https://registry.npmjs.org/
93 silly mapToRegistry uri https://registry.npmjs.org/express
94 silly fetchNamedPackageData mocha
95 silly mapToRegistry name mocha
96 silly mapToRegistry using default registry
97 silly mapToRegistry registry https://registry.npmjs.org/
98 silly mapToRegistry uri https://registry.npmjs.org/mocha
99 silly fetchNamedPackageData morgan
100 silly mapToRegistry name morgan
101 silly mapToRegistry using default registry
102 silly mapToRegistry registry https://registry.npmjs.org/
103 silly mapToRegistry uri https://registry.npmjs.org/morgan
104 silly fetchNamedPackageData multer
105 silly mapToRegistry name multer
106 silly mapToRegistry using default registry
107 silly mapToRegistry registry https://registry.npmjs.org/
108 silly mapToRegistry uri https://registry.npmjs.org/multer
109 silly fetchNamedPackageData mysql
110 silly mapToRegistry name mysql
111 silly mapToRegistry using default registry
112 silly mapToRegistry registry https://registry.npmjs.org/
113 silly mapToRegistry uri https://registry.npmjs.org/mysql
114 silly fetchNamedPackageData serve-favicon
115 silly mapToRegistry name serve-favicon
116 silly mapToRegistry using default registry
117 silly mapToRegistry registry https://registry.npmjs.org/
118 silly mapToRegistry uri https://registry.npmjs.org/serve-favicon
119 verbose request uri https://registry.npmjs.org/assert
120 verbose request no auth needed
121 info attempt registry request try #1 at 12:01:22
122 http request GET https://registry.npmjs.org/assert
123 verbose request uri https://registry.npmjs.org/body-parser
124 verbose request no auth needed
125 info attempt registry request try #1 at 12:01:22
126 http request GET https://registry.npmjs.org/body-parser
127 verbose request uri https://registry.npmjs.org/express
128 verbose request no auth needed
129 info attempt registry request try #1 at 12:01:22
130 http request GET https://registry.npmjs.org/express
131 verbose request uri https://registry.npmjs.org/mocha
132 verbose request no auth needed
133 info attempt registry request try #1 at 12:01:22
134 http request GET https://registry.npmjs.org/mocha
135 verbose request uri https://registry.npmjs.org/multer
136 verbose request no auth needed
137 info attempt registry request try #1 at 12:01:22
138 http request GET https://registry.npmjs.org/multer
139 verbose request uri https://registry.npmjs.org/mysql
140 verbose request no auth needed
141 info attempt registry request try #1 at 12:01:22
142 http request GET https://registry.npmjs.org/mysql
143 verbose request uri https://registry.npmjs.org/serve-favicon
144 verbose request no auth needed
145 info attempt registry request try #1 at 12:01:22
146 http request GET https://registry.npmjs.org/serve-favicon
147 verbose request uri https://registry.npmjs.org/colors
148 verbose request no auth needed
149 info attempt registry request try #1 at 12:01:23
150 verbose etag W/"592cbdc3-59b1"
151 verbose lastModified Tue, 30 May 2017 00:33:07 GMT
152 http request GET https://registry.npmjs.org/colors
153 verbose request uri https://registry.npmjs.org/commander
154 verbose request no auth needed
155 info attempt registry request try #1 at 12:01:23
156 verbose etag W/"592eeea5-1041c"
157 verbose lastModified Wed, 31 May 2017 16:26:13 GMT
158 http request GET https://registry.npmjs.org/commander
159 verbose request uri https://registry.npmjs.org/morgan
160 verbose request no auth needed
161 info attempt registry request try #1 at 12:01:23
162 verbose etag W/"59254cdd-d891"
163 verbose lastModified Wed, 24 May 2017 09:05:33 GMT
164 http request GET https://registry.npmjs.org/morgan
165 http 200 https://registry.npmjs.org/body-parser
166 verbose headers { server: 'nginx/1.10.3',
166 verbose headers   'content-type': 'application/json',
166 verbose headers   'last-modified': 'Fri, 10 Nov 2017 17:41:59 GMT',
166 verbose headers   etag: 'W/"5a05e4e7-232e7"',
166 verbose headers   'content-encoding': 'gzip',
166 verbose headers   'cache-control': 'max-age=300',
166 verbose headers   'content-length': '16647',
166 verbose headers   'accept-ranges': 'bytes',
166 verbose headers   date: 'Sun, 12 Nov 2017 04:01:16 GMT',
166 verbose headers   via: '1.1 varnish',
166 verbose headers   age: '86',
166 verbose headers   connection: 'keep-alive',
166 verbose headers   'x-served-by': 'cache-nrt6123-NRT',
166 verbose headers   'x-cache': 'HIT',
166 verbose headers   'x-cache-hits': '2',
166 verbose headers   'x-timer': 'S1510459276.358591,VS0,VE0',
166 verbose headers   vary: 'Accept-Encoding, Accept' }
167 silly get cb [ 200,
167 silly get   { server: 'nginx/1.10.3',
167 silly get     'content-type': 'application/json',
167 silly get     'last-modified': 'Fri, 10 Nov 2017 17:41:59 GMT',
167 silly get     etag: 'W/"5a05e4e7-232e7"',
167 silly get     'content-encoding': 'gzip',
167 silly get     'cache-control': 'max-age=300',
167 silly get     'content-length': '16647',
167 silly get     'accept-ranges': 'bytes',
167 silly get     date: 'Sun, 12 Nov 2017 04:01:16 GMT',
167 silly get     via: '1.1 varnish',
167 silly get     age: '86',
167 silly get     connection: 'keep-alive',
167 silly get     'x-served-by': 'cache-nrt6123-NRT',
167 silly get     'x-cache': 'HIT',
167 silly get     'x-cache-hits': '2',
167 silly get     'x-timer': 'S1510459276.358591,VS0,VE0',
167 silly get     vary: 'Accept-Encoding, Accept' } ]
168 verbose get saving body-parser to C:\Users\Administrator\AppData\Roaming\npm-cache\registry.npmjs.org\body-parser\.cache.json
169 silly resolveWithNewModule body-parser@1.18.2 checking installable status
170 silly cache add args [ 'body-parser@^1.18.2', null ]
171 verbose cache add spec body-parser@^1.18.2
172 silly cache add parsed spec Result {
172 silly cache add   raw: 'body-parser@^1.18.2',
172 silly cache add   scope: null,
172 silly cache add   name: 'body-parser',
172 silly cache add   rawSpec: '^1.18.2',
172 silly cache add   spec: '>=1.18.2 <2.0.0',
172 silly cache add   type: 'range' }
173 silly addNamed body-parser@>=1.18.2 <2.0.0
174 verbose addNamed ">=1.18.2 <2.0.0" is a valid semver range for body-parser
175 silly addNameRange { name: 'body-parser', range: '>=1.18.2 <2.0.0', hasData: false }
176 silly mapToRegistry name body-parser
177 silly mapToRegistry using default registry
178 silly mapToRegistry registry https://registry.npmjs.org/
179 silly mapToRegistry uri https://registry.npmjs.org/body-parser
180 verbose addNameRange registry:https://registry.npmjs.org/body-parser not in flight; fetching
181 verbose get https://registry.npmjs.org/body-parser not expired, no request
182 silly addNameRange number 2 { name: 'body-parser', range: '>=1.18.2 <2.0.0', hasData: true }
183 silly addNameRange versions [ 'body-parser',
183 silly addNameRange   [ '1.0.0',
183 silly addNameRange     '1.0.1',
183 silly addNameRange     '1.0.2',
183 silly addNameRange     '1.1.0',
183 silly addNameRange     '1.1.1',
183 silly addNameRange     '1.1.2',
183 silly addNameRange     '1.2.0',
183 silly addNameRange     '1.2.1',
183 silly addNameRange     '1.2.2',
183 silly addNameRange     '1.3.0',
183 silly addNameRange     '1.3.1',
183 silly addNameRange     '1.4.0',
183 silly addNameRange     '1.4.1',
183 silly addNameRange     '1.4.2',
183 silly addNameRange     '1.4.3',
183 silly addNameRange     '1.5.0',
183 silly addNameRange     '1.5.1',
183 silly addNameRange     '1.5.2',
183 silly addNameRange     '1.6.0',
183 silly addNameRange     '1.6.1',
183 silly addNameRange     '1.6.2',
183 silly addNameRange     '1.6.3',
183 silly addNameRange     '1.6.4',
183 silly addNameRange     '1.6.5',
183 silly addNameRange     '1.6.6',
183 silly addNameRange     '1.6.7',
183 silly addNameRange     '1.7.0',
183 silly addNameRange     '1.8.0',
183 silly addNameRange     '1.8.1',
183 silly addNameRange     '1.8.2',
183 silly addNameRange     '1.8.3',
183 silly addNameRange     '1.8.4',
183 silly addNameRange     '1.9.0',
183 silly addNameRange     '1.9.1',
183 silly addNameRange     '1.9.2',
183 silly addNameRange     '1.9.3',
183 silly addNameRange     '1.10.0',
183 silly addNameRange     '1.10.1',
183 silly addNameRange     '1.10.2',
183 silly addNameRange     '1.11.0',
183 silly addNameRange     '1.12.0',
183 silly addNameRange     '1.12.1',
183 silly addNameRange     '1.12.2',
183 silly addNameRange     '1.12.3',
183 silly addNameRange     '1.12.4',
183 silly addNameRange     '1.13.0',
183 silly addNameRange     '1.13.1',
183 silly addNameRange     '1.13.2',
183 silly addNameRange     '1.13.3',
183 silly addNameRange     '1.14.0',
183 silly addNameRange     '1.14.1',
183 silly addNameRange     '1.14.2',
183 silly addNameRange     '1.15.0',
183 silly addNameRange     '1.15.1',
183 silly addNameRange     '1.15.2',
183 silly addNameRange     '1.16.0',
183 silly addNameRange     '1.16.1',
183 silly addNameRange     '1.17.0',
183 silly addNameRange     '1.17.1',
183 silly addNameRange     '1.17.2',
183 silly addNameRange     '1.18.0',
183 silly addNameRange     '1.18.1',
183 silly addNameRange     '1.18.2' ] ]
184 silly addNamed body-parser@1.18.2
185 verbose addNamed "1.18.2" is a plain semver version for body-parser
186 silly mapToRegistry name body-parser
187 silly mapToRegistry using default registry
188 silly mapToRegistry registry https://registry.npmjs.org/
189 silly mapToRegistry uri https://registry.npmjs.org/body-parser
190 verbose addRemoteTarball https://registry.npmjs.org/body-parser/-/body-parser-1.18.2.tgz not in flight; adding
191 verbose addRemoteTarball [ 'https://registry.npmjs.org/body-parser/-/body-parser-1.18.2.tgz',
191 verbose addRemoteTarball   '87678a19d84b47d859b83199bd59bce222b10454' ]
192 info retry fetch attempt 1 at 12:01:24
193 info attempt registry request try #1 at 12:01:24
194 http fetch GET https://registry.npmjs.org/body-parser/-/body-parser-1.18.2.tgz
195 http 200 https://registry.npmjs.org/commander
196 verbose headers { server: 'nginx/1.10.3',
196 verbose headers   'content-type': 'application/json',
196 verbose headers   'last-modified': 'Fri, 10 Nov 2017 12:59:14 GMT',
196 verbose headers   etag: 'W/"5a05a2a2-11998"',
196 verbose headers   'content-encoding': 'gzip',
196 verbose headers   'cache-control': 'max-age=300',
196 verbose headers   'content-length': '14690',
196 verbose headers   'accept-ranges': 'bytes',
196 verbose headers   date: 'Sun, 12 Nov 2017 04:01:17 GMT',
196 verbose headers   via: '1.1 varnish',
196 verbose headers   age: '203',
196 verbose headers   connection: 'keep-alive',
196 verbose headers   'x-served-by': 'cache-nrt6139-NRT',
196 verbose headers   'x-cache': 'HIT',
196 verbose headers   'x-cache-hits': '3',
196 verbose headers   'x-timer': 'S1510459277.116555,VS0,VE0',
196 verbose headers   vary: 'Accept-Encoding, Accept' }
197 silly get cb [ 200,
197 silly get   { server: 'nginx/1.10.3',
197 silly get     'content-type': 'application/json',
197 silly get     'last-modified': 'Fri, 10 Nov 2017 12:59:14 GMT',
197 silly get     etag: 'W/"5a05a2a2-11998"',
197 silly get     'content-encoding': 'gzip',
197 silly get     'cache-control': 'max-age=300',
197 silly get     'content-length': '14690',
197 silly get     'accept-ranges': 'bytes',
197 silly get     date: 'Sun, 12 Nov 2017 04:01:17 GMT',
197 silly get     via: '1.1 varnish',
197 silly get     age: '203',
197 silly get     connection: 'keep-alive',
197 silly get     'x-served-by': 'cache-nrt6139-NRT',
197 silly get     'x-cache': 'HIT',
197 silly get     'x-cache-hits': '3',
197 silly get     'x-timer': 'S1510459277.116555,VS0,VE0',
197 silly get     vary: 'Accept-Encoding, Accept' } ]
198 verbose get saving commander to C:\Users\Administrator\AppData\Roaming\npm-cache\registry.npmjs.org\commander\.cache.json
199 silly resolveWithNewModule commander@2.11.0 checking installable status
200 silly cache add args [ 'commander@^2.11.0', null ]
201 verbose cache add spec commander@^2.11.0
202 silly cache add parsed spec Result {
202 silly cache add   raw: 'commander@^2.11.0',
202 silly cache add   scope: null,
202 silly cache add   name: 'commander',
202 silly cache add   rawSpec: '^2.11.0',
202 silly cache add   spec: '>=2.11.0 <3.0.0',
202 silly cache add   type: 'range' }
203 silly addNamed commander@>=2.11.0 <3.0.0
204 verbose addNamed ">=2.11.0 <3.0.0" is a valid semver range for commander
205 silly addNameRange { name: 'commander', range: '>=2.11.0 <3.0.0', hasData: false }
206 silly mapToRegistry name commander
207 silly mapToRegistry using default registry
208 silly mapToRegistry registry https://registry.npmjs.org/
209 silly mapToRegistry uri https://registry.npmjs.org/commander
210 verbose addNameRange registry:https://registry.npmjs.org/commander not in flight; fetching
211 verbose get https://registry.npmjs.org/commander not expired, no request
212 silly addNameRange number 2 { name: 'commander', range: '>=2.11.0 <3.0.0', hasData: true }
213 silly addNameRange versions [ 'commander',
213 silly addNameRange   [ '0.0.1',
213 silly addNameRange     '0.0.3',
213 silly addNameRange     '0.0.4',
213 silly addNameRange     '0.0.5',
213 silly addNameRange     '0.1.0',
213 silly addNameRange     '0.2.0',
213 silly addNameRange     '0.2.1',
213 silly addNameRange     '0.3.0',
213 silly addNameRange     '0.3.1',
213 silly addNameRange     '0.3.2',
213 silly addNameRange     '0.3.3',
213 silly addNameRange     '0.4.0',
213 silly addNameRange     '0.4.1',
213 silly addNameRange     '0.4.2',
213 silly addNameRange     '0.4.3',
213 silly addNameRange     '0.5.0',
213 silly addNameRange     '0.5.1',
213 silly addNameRange     '0.6.0',
213 silly addNameRange     '0.6.1',
213 silly addNameRange     '0.5.2',
213 silly addNameRange     '1.0.0',
213 silly addNameRange     '1.0.1',
213 silly addNameRange     '1.0.2',
213 silly addNameRange     '1.0.3',
213 silly addNameRange     '1.0.4',
213 silly addNameRange     '1.0.5',
213 silly addNameRange     '1.1.0',
213 silly addNameRange     '1.1.1',
213 silly addNameRange     '1.2.0',
213 silly addNameRange     '1.3.0',
213 silly addNameRange     '1.3.1',
213 silly addNameRange     '1.3.2',
213 silly addNameRange     '2.0.0',
213 silly addNameRange     '2.1.0',
213 silly addNameRange     '2.2.0',
213 silly addNameRange     '2.3.0',
213 silly addNameRange     '2.4.0',
213 silly addNameRange     '2.5.0',
213 silly addNameRange     '2.5.1',
213 silly addNameRange     '2.6.0',
213 silly addNameRange     '2.7.0',
213 silly addNameRange     '2.7.1',
213 silly addNameRange     '2.8.0',
213 silly addNameRange     '2.8.1',
213 silly addNameRange     '2.9.0',
213 silly addNameRange     '2.10.0',
213 silly addNameRange     '2.11.0' ] ]
214 silly addNamed commander@2.11.0
215 verbose addNamed "2.11.0" is a plain semver version for commander
216 silly mapToRegistry name commander
217 silly mapToRegistry using default registry
218 silly mapToRegistry registry https://registry.npmjs.org/
219 silly mapToRegistry uri https://registry.npmjs.org/commander
220 verbose addRemoteTarball https://registry.npmjs.org/commander/-/commander-2.11.0.tgz not in flight; adding
221 verbose addRemoteTarball [ 'https://registry.npmjs.org/commander/-/commander-2.11.0.tgz',
221 verbose addRemoteTarball   '157152fd1e7a6c8d98a5b715cf376df928004563' ]
222 info retry fetch attempt 1 at 12:01:25
223 info attempt registry request try #1 at 12:01:25
224 http fetch GET https://registry.npmjs.org/commander/-/commander-2.11.0.tgz
225 http 200 https://registry.npmjs.org/assert
226 verbose headers { server: 'nginx/1.10.1',
226 verbose headers   'content-type': 'application/json',
226 verbose headers   'last-modified': 'Fri, 10 Nov 2017 03:47:52 GMT',
226 verbose headers   etag: 'W/"5a052168-4098"',
226 verbose headers   'content-encoding': 'gzip',
226 verbose headers   'cache-control': 'max-age=300',
226 verbose headers   'content-length': '3449',
226 verbose headers   'accept-ranges': 'bytes',
226 verbose headers   date: 'Sun, 12 Nov 2017 04:01:17 GMT',
226 verbose headers   via: '1.1 varnish',
226 verbose headers   age: '3',
226 verbose headers   connection: 'keep-alive',
226 verbose headers   'x-served-by': 'cache-nrt6148-NRT',
226 verbose headers   'x-cache': 'HIT',
226 verbose headers   'x-cache-hits': '1',
226 verbose headers   'x-timer': 'S1510459278.834607,VS0,VE0',
226 verbose headers   vary: 'Accept-Encoding, Accept' }
227 silly get cb [ 200,
227 silly get   { server: 'nginx/1.10.1',
227 silly get     'content-type': 'application/json',
227 silly get     'last-modified': 'Fri, 10 Nov 2017 03:47:52 GMT',
227 silly get     etag: 'W/"5a052168-4098"',
227 silly get     'content-encoding': 'gzip',
227 silly get     'cache-control': 'max-age=300',
227 silly get     'content-length': '3449',
227 silly get     'accept-ranges': 'bytes',
227 silly get     date: 'Sun, 12 Nov 2017 04:01:17 GMT',
227 silly get     via: '1.1 varnish',
227 silly get     age: '3',
227 silly get     connection: 'keep-alive',
227 silly get     'x-served-by': 'cache-nrt6148-NRT',
227 silly get     'x-cache': 'HIT',
227 silly get     'x-cache-hits': '1',
227 silly get     'x-timer': 'S1510459278.834607,VS0,VE0',
227 silly get     vary: 'Accept-Encoding, Accept' } ]
228 verbose get saving assert to C:\Users\Administrator\AppData\Roaming\npm-cache\registry.npmjs.org\assert\.cache.json
229 silly resolveWithNewModule assert@1.4.1 checking installable status
230 silly cache add args [ 'assert@^1.4.1', null ]
231 verbose cache add spec assert@^1.4.1
232 silly cache add parsed spec Result {
232 silly cache add   raw: 'assert@^1.4.1',
232 silly cache add   scope: null,
232 silly cache add   name: 'assert',
232 silly cache add   rawSpec: '^1.4.1',
232 silly cache add   spec: '>=1.4.1 <2.0.0',
232 silly cache add   type: 'range' }
233 silly addNamed assert@>=1.4.1 <2.0.0
234 verbose addNamed ">=1.4.1 <2.0.0" is a valid semver range for assert
235 silly addNameRange { name: 'assert', range: '>=1.4.1 <2.0.0', hasData: false }
236 silly mapToRegistry name assert
237 silly mapToRegistry using default registry
238 silly mapToRegistry registry https://registry.npmjs.org/
239 silly mapToRegistry uri https://registry.npmjs.org/assert
240 verbose addNameRange registry:https://registry.npmjs.org/assert not in flight; fetching
241 verbose get https://registry.npmjs.org/assert not expired, no request
242 silly addNameRange number 2 { name: 'assert', range: '>=1.4.1 <2.0.0', hasData: true }
243 silly addNameRange versions [ 'assert',
243 silly addNameRange   [ '0.4.9',
243 silly addNameRange     '1.0.0',
243 silly addNameRange     '1.0.1',
243 silly addNameRange     '1.0.2',
243 silly addNameRange     '1.0.3',
243 silly addNameRange     '1.1.0',
243 silly addNameRange     '1.1.1',
243 silly addNameRange     '1.1.2',
243 silly addNameRange     '1.2.0',
243 silly addNameRange     '1.3.0',
243 silly addNameRange     '1.4.0',
243 silly addNameRange     '1.4.1' ] ]
244 silly addNamed assert@1.4.1
245 verbose addNamed "1.4.1" is a plain semver version for assert
246 silly mapToRegistry name assert
247 silly mapToRegistry using default registry
248 silly mapToRegistry registry https://registry.npmjs.org/
249 silly mapToRegistry uri https://registry.npmjs.org/assert
250 verbose addRemoteTarball https://registry.npmjs.org/assert/-/assert-1.4.1.tgz not in flight; adding
251 verbose addRemoteTarball [ 'https://registry.npmjs.org/assert/-/assert-1.4.1.tgz',
251 verbose addRemoteTarball   '99912d591836b5a6f5b345c0f07eefc08fc65d91' ]
252 info retry fetch attempt 1 at 12:01:26
253 info attempt registry request try #1 at 12:01:26
254 http fetch GET https://registry.npmjs.org/assert/-/assert-1.4.1.tgz
255 http fetch 200 https://registry.npmjs.org/assert/-/assert-1.4.1.tgz
256 silly fetchAndShaCheck shasum 99912d591836b5a6f5b345c0f07eefc08fc65d91
257 verbose addTmpTarball C:\Users\ADMINI~1\AppData\Local\Temp\npm-2807468-f1595988\registry.npmjs.org\assert\-\assert-1.4.1.tgz not in flight; adding
258 verbose addTmpTarball already have metadata; skipping unpack for assert@1.4.1
259 silly cache afterAdd assert@1.4.1
260 verbose afterAdd C:\Users\Administrator\AppData\Roaming\npm-cache\assert\1.4.1\package\package.json not in flight; writing
261 verbose afterAdd C:\Users\Administrator\AppData\Roaming\npm-cache\assert\1.4.1\package\package.json written
262 http fetch 200 https://registry.npmjs.org/body-parser/-/body-parser-1.18.2.tgz
263 http fetch 200 https://registry.npmjs.org/commander/-/commander-2.11.0.tgz
264 silly fetchAndShaCheck shasum 157152fd1e7a6c8d98a5b715cf376df928004563
265 verbose addTmpTarball C:\Users\ADMINI~1\AppData\Local\Temp\npm-2807468-f1595988\registry.npmjs.org\commander\-\commander-2.11.0.tgz not in flight; adding
266 verbose addTmpTarball already have metadata; skipping unpack for commander@2.11.0
267 silly cache afterAdd commander@2.11.0
268 verbose afterAdd C:\Users\Administrator\AppData\Roaming\npm-cache\commander\2.11.0\package\package.json not in flight; writing
269 verbose afterAdd C:\Users\Administrator\AppData\Roaming\npm-cache\commander\2.11.0\package\package.json written
270 http 200 https://registry.npmjs.org/serve-favicon
271 verbose headers { server: 'nginx/1.10.3',
271 verbose headers   'content-type': 'application/json',
271 verbose headers   'last-modified': 'Thu, 02 Nov 2017 14:30:01 GMT',
271 verbose headers   etag: 'W/"59fb2be9-97a5"',
271 verbose headers   'content-encoding': 'gzip',
271 verbose headers   'cache-control': 'max-age=300',
271 verbose headers   'content-length': '6219',
271 verbose headers   'accept-ranges': 'bytes',
271 verbose headers   date: 'Sun, 12 Nov 2017 04:01:19 GMT',
271 verbose headers   via: '1.1 varnish',
271 verbose headers   age: '297',
271 verbose headers   connection: 'keep-alive',
271 verbose headers   'x-served-by': 'cache-nrt6144-NRT',
271 verbose headers   'x-cache': 'HIT',
271 verbose headers   'x-cache-hits': '1',
271 verbose headers   'x-timer': 'S1510459280.921059,VS0,VE0',
271 verbose headers   vary: 'Accept-Encoding, Accept' }
272 silly get cb [ 200,
272 silly get   { server: 'nginx/1.10.3',
272 silly get     'content-type': 'application/json',
272 silly get     'last-modified': 'Thu, 02 Nov 2017 14:30:01 GMT',
272 silly get     etag: 'W/"59fb2be9-97a5"',
272 silly get     'content-encoding': 'gzip',
272 silly get     'cache-control': 'max-age=300',
272 silly get     'content-length': '6219',
272 silly get     'accept-ranges': 'bytes',
272 silly get     date: 'Sun, 12 Nov 2017 04:01:19 GMT',
272 silly get     via: '1.1 varnish',
272 silly get     age: '297',
272 silly get     connection: 'keep-alive',
272 silly get     'x-served-by': 'cache-nrt6144-NRT',
272 silly get     'x-cache': 'HIT',
272 silly get     'x-cache-hits': '1',
272 silly get     'x-timer': 'S1510459280.921059,VS0,VE0',
272 silly get     vary: 'Accept-Encoding, Accept' } ]
273 verbose get saving serve-favicon to C:\Users\Administrator\AppData\Roaming\npm-cache\registry.npmjs.org\serve-favicon\.cache.json
274 silly resolveWithNewModule serve-favicon@2.4.5 checking installable status
275 silly cache add args [ 'serve-favicon@^2.4.5', null ]
276 verbose cache add spec serve-favicon@^2.4.5
277 silly cache add parsed spec Result {
277 silly cache add   raw: 'serve-favicon@^2.4.5',
277 silly cache add   scope: null,
277 silly cache add   name: 'serve-favicon',
277 silly cache add   rawSpec: '^2.4.5',
277 silly cache add   spec: '>=2.4.5 <3.0.0',
277 silly cache add   type: 'range' }
278 silly addNamed serve-favicon@>=2.4.5 <3.0.0
279 verbose addNamed ">=2.4.5 <3.0.0" is a valid semver range for serve-favicon
280 silly addNameRange { name: 'serve-favicon',
280 silly addNameRange   range: '>=2.4.5 <3.0.0',
280 silly addNameRange   hasData: false }
281 silly mapToRegistry name serve-favicon
282 silly mapToRegistry using default registry
283 silly mapToRegistry registry https://registry.npmjs.org/
284 silly mapToRegistry uri https://registry.npmjs.org/serve-favicon
285 verbose addNameRange registry:https://registry.npmjs.org/serve-favicon not in flight; fetching
286 verbose get https://registry.npmjs.org/serve-favicon not expired, no request
287 silly addNameRange number 2 { name: 'serve-favicon', range: '>=2.4.5 <3.0.0', hasData: true }
288 silly addNameRange versions [ 'serve-favicon',
288 silly addNameRange   [ '2.0.0',
288 silly addNameRange     '2.0.1',
288 silly addNameRange     '2.1.0',
288 silly addNameRange     '2.1.1',
288 silly addNameRange     '2.1.2',
288 silly addNameRange     '2.1.3',
288 silly addNameRange     '2.1.4',
288 silly addNameRange     '2.1.5',
288 silly addNameRange     '2.1.6',
288 silly addNameRange     '2.1.7',
288 silly addNameRange     '2.2.0',
288 silly addNameRange     '2.2.1',
288 silly addNameRange     '2.3.0',
288 silly addNameRange     '2.3.2',
288 silly addNameRange     '2.4.0',
288 silly addNameRange     '2.4.1',
288 silly addNameRange     '2.4.2',
288 silly addNameRange     '2.4.3',
288 silly addNameRange     '2.4.4',
288 silly addNameRange     '2.4.5' ] ]
289 silly addNamed serve-favicon@2.4.5
290 verbose addNamed "2.4.5" is a plain semver version for serve-favicon
291 silly mapToRegistry name serve-favicon
292 silly mapToRegistry using default registry
293 silly mapToRegistry registry https://registry.npmjs.org/
294 silly mapToRegistry uri https://registry.npmjs.org/serve-favicon
295 verbose addRemoteTarball https://registry.npmjs.org/serve-favicon/-/serve-favicon-2.4.5.tgz not in flight; adding
296 verbose addRemoteTarball [ 'https://registry.npmjs.org/serve-favicon/-/serve-favicon-2.4.5.tgz',
296 verbose addRemoteTarball   '49d9a46863153a9240691c893d2b0e7d85d6d436' ]
297 info retry fetch attempt 1 at 12:01:28
298 info attempt registry request try #1 at 12:01:28
299 http fetch GET https://registry.npmjs.org/serve-favicon/-/serve-favicon-2.4.5.tgz
300 http 200 https://registry.npmjs.org/colors
301 verbose headers { server: 'nginx/1.10.1',
301 verbose headers   'content-type': 'application/json',
301 verbose headers   'last-modified': 'Tue, 07 Nov 2017 18:17:06 GMT',
301 verbose headers   etag: 'W/"5a01f8a2-5b3c"',
301 verbose headers   'content-encoding': 'gzip',
301 verbose headers   'cache-control': 'max-age=300',
301 verbose headers   'content-length': '6275',
301 verbose headers   'accept-ranges': 'bytes',
301 verbose headers   date: 'Sun, 12 Nov 2017 04:01:18 GMT',
301 verbose headers   via: '1.1 varnish',
301 verbose headers   age: '217',
301 verbose headers   connection: 'keep-alive',
301 verbose headers   'x-served-by': 'cache-nrt6121-NRT',
301 verbose headers   'x-cache': 'HIT',
301 verbose headers   'x-cache-hits': '1',
301 verbose headers   'x-timer': 'S1510459279.860822,VS0,VE0',
301 verbose headers   vary: 'Accept-Encoding, Accept' }
302 silly get cb [ 200,
302 silly get   { server: 'nginx/1.10.1',
302 silly get     'content-type': 'application/json',
302 silly get     'last-modified': 'Tue, 07 Nov 2017 18:17:06 GMT',
302 silly get     etag: 'W/"5a01f8a2-5b3c"',
302 silly get     'content-encoding': 'gzip',
302 silly get     'cache-control': 'max-age=300',
302 silly get     'content-length': '6275',
302 silly get     'accept-ranges': 'bytes',
302 silly get     date: 'Sun, 12 Nov 2017 04:01:18 GMT',
302 silly get     via: '1.1 varnish',
302 silly get     age: '217',
302 silly get     connection: 'keep-alive',
302 silly get     'x-served-by': 'cache-nrt6121-NRT',
302 silly get     'x-cache': 'HIT',
302 silly get     'x-cache-hits': '1',
302 silly get     'x-timer': 'S1510459279.860822,VS0,VE0',
302 silly get     vary: 'Accept-Encoding, Accept' } ]
303 verbose get saving colors to C:\Users\Administrator\AppData\Roaming\npm-cache\registry.npmjs.org\colors\.cache.json
304 silly resolveWithNewModule colors@1.1.2 checking installable status
305 silly cache add args [ 'colors@^1.1.2', null ]
306 verbose cache add spec colors@^1.1.2
307 silly cache add parsed spec Result {
307 silly cache add   raw: 'colors@^1.1.2',
307 silly cache add   scope: null,
307 silly cache add   name: 'colors',
307 silly cache add   rawSpec: '^1.1.2',
307 silly cache add   spec: '>=1.1.2 <2.0.0',
307 silly cache add   type: 'range' }
308 silly addNamed colors@>=1.1.2 <2.0.0
309 verbose addNamed ">=1.1.2 <2.0.0" is a valid semver range for colors
310 silly addNameRange { name: 'colors', range: '>=1.1.2 <2.0.0', hasData: false }
311 silly mapToRegistry name colors
312 silly mapToRegistry using default registry
313 silly mapToRegistry registry https://registry.npmjs.org/
314 silly mapToRegistry uri https://registry.npmjs.org/colors
315 verbose addNameRange registry:https://registry.npmjs.org/colors not in flight; fetching
316 verbose get https://registry.npmjs.org/colors not expired, no request
317 silly addNameRange number 2 { name: 'colors', range: '>=1.1.2 <2.0.0', hasData: true }
318 silly addNameRange versions [ 'colors',
318 silly addNameRange   [ '0.3.0',
318 silly addNameRange     '0.5.0',
318 silly addNameRange     '0.5.1',
318 silly addNameRange     '0.6.0',
318 silly addNameRange     '0.6.0-1',
318 silly addNameRange     '0.6.1',
318 silly addNameRange     '0.6.2',
318 silly addNameRange     '1.0.0',
318 silly addNameRange     '1.0.1',
318 silly addNameRange     '1.0.2',
318 silly addNameRange     '1.0.3',
318 silly addNameRange     '1.1.0',
318 silly addNameRange     '1.1.1',
318 silly addNameRange     '1.1.2' ] ]
319 silly addNamed colors@1.1.2
320 verbose addNamed "1.1.2" is a plain semver version for colors
321 silly cache afterAdd colors@1.1.2
322 verbose afterAdd C:\Users\Administrator\AppData\Roaming\npm-cache\colors\1.1.2\package\package.json not in flight; writing
323 verbose afterAdd C:\Users\Administrator\AppData\Roaming\npm-cache\colors\1.1.2\package\package.json written
324 http fetch 200 https://registry.npmjs.org/serve-favicon/-/serve-favicon-2.4.5.tgz
325 silly fetchAndShaCheck shasum 49d9a46863153a9240691c893d2b0e7d85d6d436
326 verbose addTmpTarball C:\Users\ADMINI~1\AppData\Local\Temp\npm-2807468-f1595988\registry.npmjs.org\serve-favicon\-\serve-favicon-2.4.5.tgz not in flight; adding
327 verbose addTmpTarball already have metadata; skipping unpack for serve-favicon@2.4.5
328 silly cache afterAdd serve-favicon@2.4.5
329 verbose afterAdd C:\Users\Administrator\AppData\Roaming\npm-cache\serve-favicon\2.4.5\package\package.json not in flight; writing
330 verbose afterAdd C:\Users\Administrator\AppData\Roaming\npm-cache\serve-favicon\2.4.5\package\package.json written
331 http 200 https://registry.npmjs.org/morgan
332 verbose headers { server: 'nginx/1.10.3',
332 verbose headers   'content-type': 'application/json',
332 verbose headers   'last-modified': 'Thu, 09 Nov 2017 08:13:05 GMT',
332 verbose headers   etag: 'W/"5a040e11-e74c"',
332 verbose headers   'content-encoding': 'gzip',
332 verbose headers   'cache-control': 'max-age=300',
332 verbose headers   'content-length': '10361',
332 verbose headers   'accept-ranges': 'bytes',
332 verbose headers   date: 'Sun, 12 Nov 2017 04:01:19 GMT',
332 verbose headers   via: '1.1 varnish',
332 verbose headers   age: '194',
332 verbose headers   connection: 'keep-alive',
332 verbose headers   'x-served-by': 'cache-nrt6147-NRT',
332 verbose headers   'x-cache': 'HIT',
332 verbose headers   'x-cache-hits': '1',
332 verbose headers   'x-timer': 'S1510459280.801894,VS0,VE0',
332 verbose headers   vary: 'Accept-Encoding, Accept' }
333 silly get cb [ 200,
333 silly get   { server: 'nginx/1.10.3',
333 silly get     'content-type': 'application/json',
333 silly get     'last-modified': 'Thu, 09 Nov 2017 08:13:05 GMT',
333 silly get     etag: 'W/"5a040e11-e74c"',
333 silly get     'content-encoding': 'gzip',
333 silly get     'cache-control': 'max-age=300',
333 silly get     'content-length': '10361',
333 silly get     'accept-ranges': 'bytes',
333 silly get     date: 'Sun, 12 Nov 2017 04:01:19 GMT',
333 silly get     via: '1.1 varnish',
333 silly get     age: '194',
333 silly get     connection: 'keep-alive',
333 silly get     'x-served-by': 'cache-nrt6147-NRT',
333 silly get     'x-cache': 'HIT',
333 silly get     'x-cache-hits': '1',
333 silly get     'x-timer': 'S1510459280.801894,VS0,VE0',
333 silly get     vary: 'Accept-Encoding, Accept' } ]
334 verbose get saving morgan to C:\Users\Administrator\AppData\Roaming\npm-cache\registry.npmjs.org\morgan\.cache.json
335 silly resolveWithNewModule morgan@1.9.0 checking installable status
336 silly cache add args [ 'morgan@^1.9.0', null ]
337 verbose cache add spec morgan@^1.9.0
338 silly cache add parsed spec Result {
338 silly cache add   raw: 'morgan@^1.9.0',
338 silly cache add   scope: null,
338 silly cache add   name: 'morgan',
338 silly cache add   rawSpec: '^1.9.0',
338 silly cache add   spec: '>=1.9.0 <2.0.0',
338 silly cache add   type: 'range' }
339 silly addNamed morgan@>=1.9.0 <2.0.0
340 verbose addNamed ">=1.9.0 <2.0.0" is a valid semver range for morgan
341 silly addNameRange { name: 'morgan', range: '>=1.9.0 <2.0.0', hasData: false }
342 silly mapToRegistry name morgan
343 silly mapToRegistry using default registry
344 silly mapToRegistry registry https://registry.npmjs.org/
345 silly mapToRegistry uri https://registry.npmjs.org/morgan
346 verbose addNameRange registry:https://registry.npmjs.org/morgan not in flight; fetching
347 verbose get https://registry.npmjs.org/morgan not expired, no request
348 silly addNameRange number 2 { name: 'morgan', range: '>=1.9.0 <2.0.0', hasData: true }
349 silly addNameRange versions [ 'morgan',
349 silly addNameRange   [ '1.0.0',
349 silly addNameRange     '1.0.1',
349 silly addNameRange     '1.1.0',
349 silly addNameRange     '1.1.1',
349 silly addNameRange     '1.2.0',
349 silly addNameRange     '1.2.1',
349 silly addNameRange     '1.2.2',
349 silly addNameRange     '1.2.3',
349 silly addNameRange     '1.3.0',
349 silly addNameRange     '1.3.1',
349 silly addNameRange     '1.3.2',
349 silly addNameRange     '1.4.0',
349 silly addNameRange     '1.4.1',
349 silly addNameRange     '1.5.0',
349 silly addNameRange     '1.5.1',
349 silly addNameRange     '1.5.2',
349 silly addNameRange     '1.5.3',
349 silly addNameRange     '1.6.0',
349 silly addNameRange     '1.6.1',
349 silly addNameRange     '1.7.0',
349 silly addNameRange     '1.8.0',
349 silly addNameRange     '1.8.1',
349 silly addNameRange     '1.8.2',
349 silly addNameRange     '1.9.0' ] ]
350 silly addNamed morgan@1.9.0
351 verbose addNamed "1.9.0" is a plain semver version for morgan
352 silly mapToRegistry name morgan
353 silly mapToRegistry using default registry
354 silly mapToRegistry registry https://registry.npmjs.org/
355 silly mapToRegistry uri https://registry.npmjs.org/morgan
356 verbose addRemoteTarball https://registry.npmjs.org/morgan/-/morgan-1.9.0.tgz not in flight; adding
357 verbose addRemoteTarball [ 'https://registry.npmjs.org/morgan/-/morgan-1.9.0.tgz',
357 verbose addRemoteTarball   'd01fa6c65859b76fcf31b3cb53a3821a311d8051' ]
358 info retry fetch attempt 1 at 12:01:29
359 info attempt registry request try #1 at 12:01:29
360 http fetch GET https://registry.npmjs.org/morgan/-/morgan-1.9.0.tgz
361 silly fetchAndShaCheck shasum 87678a19d84b47d859b83199bd59bce222b10454
362 verbose addTmpTarball C:\Users\ADMINI~1\AppData\Local\Temp\npm-2807468-f1595988\registry.npmjs.org\body-parser\-\body-parser-1.18.2.tgz not in flight; adding
363 verbose addTmpTarball already have metadata; skipping unpack for body-parser@1.18.2
364 silly cache afterAdd body-parser@1.18.2
365 verbose afterAdd C:\Users\Administrator\AppData\Roaming\npm-cache\body-parser\1.18.2\package\package.json not in flight; writing
366 verbose afterAdd C:\Users\Administrator\AppData\Roaming\npm-cache\body-parser\1.18.2\package\package.json written
367 http 200 https://registry.npmjs.org/express
368 verbose headers { server: 'nginx/1.10.1',
368 verbose headers   'content-type': 'application/json',
368 verbose headers   'last-modified': 'Fri, 10 Nov 2017 19:19:42 GMT',
368 verbose headers   etag: 'W/"5a05fbce-935d6"',
368 verbose headers   'content-encoding': 'gzip',
368 verbose headers   'cache-control': 'max-age=300',
368 verbose headers   'content-length': '46920',
368 verbose headers   'accept-ranges': 'bytes',
368 verbose headers   date: 'Sun, 12 Nov 2017 04:01:21 GMT',
368 verbose headers   via: '1.1 varnish',
368 verbose headers   age: '148',
368 verbose headers   connection: 'keep-alive',
368 verbose headers   'x-served-by': 'cache-nrt6140-NRT',
368 verbose headers   'x-cache': 'HIT',
368 verbose headers   'x-cache-hits': '1',
368 verbose headers   'x-timer': 'S1510459281.076333,VS0,VE0',
368 verbose headers   vary: 'Accept-Encoding, Accept' }
369 silly get cb [ 200,
369 silly get   { server: 'nginx/1.10.1',
369 silly get     'content-type': 'application/json',
369 silly get     'last-modified': 'Fri, 10 Nov 2017 19:19:42 GMT',
369 silly get     etag: 'W/"5a05fbce-935d6"',
369 silly get     'content-encoding': 'gzip',
369 silly get     'cache-control': 'max-age=300',
369 silly get     'content-length': '46920',
369 silly get     'accept-ranges': 'bytes',
369 silly get     date: 'Sun, 12 Nov 2017 04:01:21 GMT',
369 silly get     via: '1.1 varnish',
369 silly get     age: '148',
369 silly get     connection: 'keep-alive',
369 silly get     'x-served-by': 'cache-nrt6140-NRT',
369 silly get     'x-cache': 'HIT',
369 silly get     'x-cache-hits': '1',
369 silly get     'x-timer': 'S1510459281.076333,VS0,VE0',
369 silly get     vary: 'Accept-Encoding, Accept' } ]
370 verbose get saving express to C:\Users\Administrator\AppData\Roaming\npm-cache\registry.npmjs.org\express\.cache.json
371 silly resolveWithNewModule express@4.16.2 checking installable status
372 silly cache add args [ 'express@^4.16.1', null ]
373 verbose cache add spec express@^4.16.1
374 silly cache add parsed spec Result {
374 silly cache add   raw: 'express@^4.16.1',
374 silly cache add   scope: null,
374 silly cache add   name: 'express',
374 silly cache add   rawSpec: '^4.16.1',
374 silly cache add   spec: '>=4.16.1 <5.0.0',
374 silly cache add   type: 'range' }
375 silly addNamed express@>=4.16.1 <5.0.0
376 verbose addNamed ">=4.16.1 <5.0.0" is a valid semver range for express
377 silly addNameRange { name: 'express', range: '>=4.16.1 <5.0.0', hasData: false }
378 silly mapToRegistry name express
379 silly mapToRegistry using default registry
380 silly mapToRegistry registry https://registry.npmjs.org/
381 silly mapToRegistry uri https://registry.npmjs.org/express
382 verbose addNameRange registry:https://registry.npmjs.org/express not in flight; fetching
383 verbose get https://registry.npmjs.org/express not expired, no request
384 silly addNameRange number 2 { name: 'express', range: '>=4.16.1 <5.0.0', hasData: true }
385 silly addNameRange versions [ 'express',
385 silly addNameRange   [ '0.14.0',
385 silly addNameRange     '0.14.1',
385 silly addNameRange     '1.0.0',
385 silly addNameRange     '1.0.1',
385 silly addNameRange     '1.0.2',
385 silly addNameRange     '1.0.3',
385 silly addNameRange     '1.0.4',
385 silly addNameRange     '1.0.5',
385 silly addNameRange     '1.0.6',
385 silly addNameRange     '1.0.7',
385 silly addNameRange     '1.0.8',
385 silly addNameRange     '2.0.0',
385 silly addNameRange     '2.1.0',
385 silly addNameRange     '2.1.1',
385 silly addNameRange     '2.2.0',
385 silly addNameRange     '2.2.1',
385 silly addNameRange     '2.2.2',
385 silly addNameRange     '2.3.0',
385 silly addNameRange     '2.3.1',
385 silly addNameRange     '2.3.2',
385 silly addNameRange     '2.3.3',
385 silly addNameRange     '2.3.4',
385 silly addNameRange     '2.3.5',
385 silly addNameRange     '2.3.6',
385 silly addNameRange     '2.3.7',
385 silly addNameRange     '2.3.8',
385 silly addNameRange     '2.3.9',
385 silly addNameRange     '2.3.10',
385 silly addNameRange     '2.3.11',
385 silly addNameRange     '2.3.12',
385 silly addNameRange     '2.4.0',
385 silly addNameRange     '2.4.1',
385 silly addNameRange     '2.4.2',
385 silly addNameRange     '2.4.3',
385 silly addNameRange     '2.4.4',
385 silly addNameRange     '2.4.5',
385 silly addNameRange     '2.4.6',
385 silly addNameRange     '2.4.7',
385 silly addNameRange     '2.5.0',
385 silly addNameRange     '2.5.1',
385 silly addNameRange     '2.5.2',
385 silly addNameRange     '2.5.3',
385 silly addNameRange     '2.5.4',
385 silly addNameRange     '2.5.5',
385 silly addNameRange     '2.5.6',
385 silly addNameRange     '2.5.7',
385 silly addNameRange     '2.5.8',
385 silly addNameRange     '2.5.9',
385 silly addNameRange     '2.5.10',
385 silly addNameRange     '2.5.11',
385 silly addNameRange     '3.0.0',
385 silly addNameRange     '3.0.1',
385 silly addNameRange     '3.0.2',
385 silly addNameRange     '3.0.3',
385 silly addNameRange     '3.0.4',
385 silly addNameRange     '3.0.5',
385 silly addNameRange     '3.0.6',
385 silly addNameRange     '3.1.0',
385 silly addNameRange     '3.1.1',
385 silly addNameRange     '3.1.2',
385 silly addNameRange     '3.2.0',
385 silly addNameRange     '3.2.1',
385 silly addNameRange     '3.2.2',
385 silly addNameRange     '3.2.3',
385 silly addNameRange     '3.2.4',
385 silly addNameRange     '3.2.5',
385 silly addNameRange     '3.2.6',
385 silly addNameRange     '3.3.0',
385 silly addNameRange     '3.3.1',
385 silly addNameRange     '3.3.2',
385 silly addNameRange     '3.3.3',
385 silly addNameRange     '3.3.4',
385 silly addNameRange     '3.3.5',
385 silly addNameRange     '3.3.6',
385 silly addNameRange     '1.0.0-beta',
385 silly addNameRange     '1.0.0-beta2',
385 silly addNameRange     '1.0.0-rc',
385 silly addNameRange     '1.0.0-rc2',
385 silly addNameRange     '1.0.0-rc3',
385 silly addNameRange     '1.0.0-rc4',
385 silly addNameRange     '2.0.0-beta',
385 silly addNameRange     '2.0.0-beta2',
385 silly addNameRange     '2.0.0-beta3',
385 silly addNameRange     '2.0.0-rc',
385 silly addNameRange     '2.0.0-rc2',
385 silly addNameRange     '2.0.0-rc3',
385 silly addNameRange     '3.0.0-alpha1',
385 silly addNameRange     '3.0.0-alpha2',
385 silly addNameRange     '3.0.0-alpha3',
385 silly addNameRange     '3.0.0-alpha4',
385 silly addNameRange     '3.0.0-alpha5',
385 silly addNameRange     '3.0.0-beta1',
385 silly addNameRange     '3.0.0-beta2',
385 silly addNameRange     '3.0.0-beta3',
385 silly addNameRange     '3.0.0-beta4',
385 silly addNameRange     '3.0.0-beta6',
385 silly addNameRange     '3.0.0-beta7',
385 silly addNameRange     '3.0.0-rc1',
385 silly addNameRange     '3.0.0-rc2',
385 silly addNameRange     '3.0.0-rc3',
385 silly addNameRange     '3.0.0-rc4',
385 silly addNameRange     '3.0.0-rc5',
385 silly addNameRange     '3.3.7',
385 silly addNameRange     '3.3.8',
385 silly addNameRange     '3.4.0',
385 silly addNameRange     '3.4.1',
385 silly addNameRange     '3.4.2',
385 silly addNameRange     '3.4.3',
385 silly addNameRange     '3.4.4',
385 silly addNameRange     '3.4.5',
385 silly addNameRange     '3.4.6',
385 silly addNameRange     '3.4.7',
385 silly addNameRange     '3.4.8',
385 silly addNameRange     '4.0.0-rc1',
385 silly addNameRange     '4.0.0-rc2',
385 silly addNameRange     '3.5.0',
385 silly addNameRange     '4.0.0-rc3',
385 silly addNameRange     '4.0.0-rc4',
385 silly addNameRange     '3.5.1',
385 silly addNameRange     '4.0.0',
385 silly addNameRange     '3.5.2',
385 silly addNameRange     '4.1.0',
385 silly addNameRange     '4.1.1',
385 silly addNameRange     '3.5.3',
385 silly addNameRange     '4.1.2',
385 silly addNameRange     '3.6.0',
385 silly addNameRange     '4.2.0',
385 silly addNameRange     '3.7.0',
385 silly addNameRange     '3.8.0',
385 silly addNameRange     '4.3.0',
385 silly addNameRange     '4.3.1',
385 silly addNameRange     '3.8.1',
385 silly addNameRange     '4.3.2',
385 silly addNameRange     '3.9.0',
385 silly addNameRange     '4.4.0',
385 silly addNameRange     '4.4.1',
385 silly addNameRange     '3.10.0',
385 silly addNameRange     '3.10.1',
385 silly addNameRange     '3.10.2',
385 silly addNameRange     '3.10.3',
385 silly addNameRange     '3.10.4',
385 silly addNameRange     '4.4.2',
385 silly addNameRange     '3.10.5',
385 silly addNameRange     '4.4.3',
385 silly addNameRange     '3.11.0',
385 silly addNameRange     '4.4.4',
385 silly addNameRange     '3.12.0',
385 silly addNameRange     '3.12.1',
385 silly addNameRange     '4.4.5',
385 silly addNameRange     '3.13.0',
385 silly addNameRange     '4.5.0',
385 silly addNameRange     '4.5.1',
385 silly addNameRange     '3.14.0',
385 silly addNameRange     '4.6.0',
385 silly addNameRange     '4.6.1',
385 silly addNameRange     '3.15.0',
385 silly addNameRange     '4.7.0',
385 silly addNameRange     '3.15.1',
385 silly addNameRange     '4.7.1',
385 silly addNameRange     '3.15.2',
385 silly addNameRange     '4.7.2',
385 silly addNameRange     '4.7.3',
385 silly addNameRange     '3.15.3',
385 silly addNameRange     '4.7.4',
385 silly addNameRange     '3.16.0',
385 silly addNameRange     '4.8.0',
385 silly addNameRange     '3.16.1',
385 silly addNameRange     '4.8.1',
385 silly addNameRange     '3.16.2',
385 silly addNameRange     '4.8.2',
385 silly addNameRange     '3.16.3',
385 silly addNameRange     '3.16.4',
385 silly addNameRange     '4.8.3',
385 silly addNameRange     '3.16.5',
385 silly addNameRange     '3.16.6',
385 silly addNameRange     '4.8.4',
385 silly addNameRange     '3.16.7',
385 silly addNameRange     '4.8.5',
385 silly addNameRange     '3.16.8',
385 silly addNameRange     '4.8.6',
385 silly addNameRange     '3.16.9',
385 silly addNameRange     '4.8.7',
385 silly addNameRange     '3.16.10',
385 silly addNameRange     '4.8.8',
385 silly addNameRange     '3.17.0',
385 silly addNameRange     '3.17.1',
385 silly addNameRange     '4.9.0',
385 silly addNameRange     '3.17.2',
385 silly addNameRange     '4.9.1',
385 silly addNameRange     '4.9.2',
385 silly addNameRange     '3.17.3',
385 silly addNameRange     '4.9.3',
385 silly addNameRange     '3.17.4',
385 silly addNameRange     '4.9.4',
385 silly addNameRange     '3.17.5',
385 silly addNameRange     '4.9.5',
385 silly addNameRange     '3.17.6',
385 silly addNameRange     '3.17.7',
385 silly addNameRange     '4.9.6',
385 silly addNameRange     '4.9.7',
385 silly addNameRange     '3.17.8',
385 silly addNameRange     '4.9.8',
385 silly addNameRange     '3.18.0',
385 silly addNameRange     '3.18.1',
385 silly addNameRange     '4.10.0',
385 silly addNameRange     '3.18.2',
385 silly addNameRange     '4.10.1',
385 silly addNameRange     '5.0.0-alpha.1',
385 silly addNameRange     '3.18.3',
385 silly addNameRange     '4.10.2',
385 silly addNameRange     '3.18.4',
385 silly addNameRange     '4.10.3',
385 silly addNameRange     '4.10.4',
385 silly addNameRange     '4.10.5',
385 silly addNameRange     '3.18.5',
385 silly addNameRange     '3.18.6',
385 silly addNameRange     '4.10.6',
385 silly addNameRange     '4.10.7',
385 silly addNameRange     '3.19.0',
385 silly addNameRange     '4.10.8',
385 silly addNameRange     '4.11.0',
385 silly addNameRange     '3.19.1',
385 silly addNameRange     '4.11.1',
385 silly addNameRange     '3.19.2',
385 silly addNameRange     '4.11.2',
385 silly addNameRange     '3.20.0',
385 silly addNameRange     '4.12.0',
385 silly addNameRange     '3.20.1',
385 silly addNameRange     '4.12.1',
385 silly addNameRange     '4.12.2',
385 silly addNameRange     '3.20.2',
385 silly addNameRange     '4.12.3',
385 silly addNameRange     '3.20.3',
385 silly addNameRange     '4.12.4',
385 silly addNameRange     '3.21.0',
385 silly addNameRange     '4.13.0',
385 silly addNameRange     '3.21.1',
385 silly addNameRange     '4.13.1',
385 silly addNameRange     '5.0.0-alpha.2',
385 silly addNameRange     '3.21.2',
385 silly addNameRange     '4.13.2',
385 silly addNameRange     '4.13.3',
385 silly addNameRange     '4.13.4',
385 silly addNameRange     '4.14.0',
385 silly addNameRange     '4.14.1',
385 silly addNameRange     '5.0.0-alpha.3',
385 silly addNameRange     '4.15.0',
385 silly addNameRange     '5.0.0-alpha.4',
385 silly addNameRange     '4.15.1',
385 silly addNameRange     '4.15.2',
385 silly addNameRange     '5.0.0-alpha.5',
385 silly addNameRange     '4.15.3',
385 silly addNameRange     '4.15.4',
385 silly addNameRange     '4.15.5',
385 silly addNameRange     '5.0.0-alpha.6',
385 silly addNameRange     '4.16.0',
385 silly addNameRange     '4.16.1',
385 silly addNameRange     '4.16.2' ] ]
386 silly addNamed express@4.16.2
387 verbose addNamed "4.16.2" is a plain semver version for express
388 silly mapToRegistry name express
389 silly mapToRegistry using default registry
390 silly mapToRegistry registry https://registry.npmjs.org/
391 silly mapToRegistry uri https://registry.npmjs.org/express
392 verbose addRemoteTarball https://registry.npmjs.org/express/-/express-4.16.2.tgz not in flight; adding
393 verbose addRemoteTarball [ 'https://registry.npmjs.org/express/-/express-4.16.2.tgz',
393 verbose addRemoteTarball   'e35c6dfe2d64b7dca0a5cd4f21781be3299e076c' ]
394 info retry fetch attempt 1 at 12:01:30
395 info attempt registry request try #1 at 12:01:30
396 http fetch GET https://registry.npmjs.org/express/-/express-4.16.2.tgz
397 http fetch 200 https://registry.npmjs.org/morgan/-/morgan-1.9.0.tgz
398 http fetch 200 https://registry.npmjs.org/express/-/express-4.16.2.tgz
399 http 200 https://registry.npmjs.org/mysql
400 verbose headers { server: 'nginx/1.10.3',
400 verbose headers   'content-type': 'application/json',
400 verbose headers   'last-modified': 'Thu, 09 Nov 2017 13:51:34 GMT',
400 verbose headers   etag: 'W/"5a045d66-2479c"',
400 verbose headers   'content-encoding': 'gzip',
400 verbose headers   'cache-control': 'max-age=300',
400 verbose headers   'content-length': '28730',
400 verbose headers   'accept-ranges': 'bytes',
400 verbose headers   date: 'Sun, 12 Nov 2017 04:01:23 GMT',
400 verbose headers   via: '1.1 varnish',
400 verbose headers   age: '0',
400 verbose headers   connection: 'keep-alive',
400 verbose headers   'x-served-by': 'cache-nrt6134-NRT',
400 verbose headers   'x-cache': 'HIT',
400 verbose headers   'x-cache-hits': '1',
400 verbose headers   'x-timer': 'S1510459284.803092,VS0,VE134',
400 verbose headers   vary: 'Accept-Encoding, Accept' }
401 silly get cb [ 200,
401 silly get   { server: 'nginx/1.10.3',
401 silly get     'content-type': 'application/json',
401 silly get     'last-modified': 'Thu, 09 Nov 2017 13:51:34 GMT',
401 silly get     etag: 'W/"5a045d66-2479c"',
401 silly get     'content-encoding': 'gzip',
401 silly get     'cache-control': 'max-age=300',
401 silly get     'content-length': '28730',
401 silly get     'accept-ranges': 'bytes',
401 silly get     date: 'Sun, 12 Nov 2017 04:01:23 GMT',
401 silly get     via: '1.1 varnish',
401 silly get     age: '0',
401 silly get     connection: 'keep-alive',
401 silly get     'x-served-by': 'cache-nrt6134-NRT',
401 silly get     'x-cache': 'HIT',
401 silly get     'x-cache-hits': '1',
401 silly get     'x-timer': 'S1510459284.803092,VS0,VE134',
401 silly get     vary: 'Accept-Encoding, Accept' } ]
402 verbose get saving mysql to C:\Users\Administrator\AppData\Roaming\npm-cache\registry.npmjs.org\mysql\.cache.json
403 silly resolveWithNewModule mysql@2.15.0 checking installable status
404 silly cache add args [ 'mysql@^2.15.0', null ]
405 verbose cache add spec mysql@^2.15.0
406 silly cache add parsed spec Result {
406 silly cache add   raw: 'mysql@^2.15.0',
406 silly cache add   scope: null,
406 silly cache add   name: 'mysql',
406 silly cache add   rawSpec: '^2.15.0',
406 silly cache add   spec: '>=2.15.0 <3.0.0',
406 silly cache add   type: 'range' }
407 silly addNamed mysql@>=2.15.0 <3.0.0
408 verbose addNamed ">=2.15.0 <3.0.0" is a valid semver range for mysql
409 silly addNameRange { name: 'mysql', range: '>=2.15.0 <3.0.0', hasData: false }
410 silly mapToRegistry name mysql
411 silly mapToRegistry using default registry
412 silly mapToRegistry registry https://registry.npmjs.org/
413 silly mapToRegistry uri https://registry.npmjs.org/mysql
414 verbose addNameRange registry:https://registry.npmjs.org/mysql not in flight; fetching
415 verbose get https://registry.npmjs.org/mysql not expired, no request
416 silly addNameRange number 2 { name: 'mysql', range: '>=2.15.0 <3.0.0', hasData: true }
417 silly addNameRange versions [ 'mysql',
417 silly addNameRange   [ '0.1.0',
417 silly addNameRange     '0.2.0',
417 silly addNameRange     '0.3.0',
417 silly addNameRange     '0.4.0',
417 silly addNameRange     '0.5.0',
417 silly addNameRange     '0.6.0',
417 silly addNameRange     '0.7.0',
417 silly addNameRange     '0.8.0',
417 silly addNameRange     '0.9.0',
417 silly addNameRange     '0.9.1',
417 silly addNameRange     '0.9.2',
417 silly addNameRange     '0.9.3',
417 silly addNameRange     '0.9.4',
417 silly addNameRange     '0.9.5',
417 silly addNameRange     '0.9.6',
417 silly addNameRange     '2.0.0-alpha',
417 silly addNameRange     '2.0.0-alpha2',
417 silly addNameRange     '2.0.0-alpha3',
417 silly addNameRange     '2.0.0-alpha4',
417 silly addNameRange     '2.0.0-alpha5',
417 silly addNameRange     '2.0.0-alpha6',
417 silly addNameRange     '2.0.0-alpha7',
417 silly addNameRange     '2.0.0-alpha8',
417 silly addNameRange     '2.0.0-alpha9',
417 silly addNameRange     '2.0.0-rc1',
417 silly addNameRange     '2.0.0-rc2',
417 silly addNameRange     '2.0.0',
417 silly addNameRange     '2.0.1',
417 silly addNameRange     '2.1.0',
417 silly addNameRange     '2.1.1',
417 silly addNameRange     '2.2.0',
417 silly addNameRange     '2.3.0',
417 silly addNameRange     '2.3.1',
417 silly addNameRange     '2.3.2',
417 silly addNameRange     '2.4.0',
417 silly addNameRange     '2.4.1',
417 silly addNameRange     '2.4.2',
417 silly addNameRange     '2.4.3',
417 silly addNameRange     '2.5.0',
417 silly addNameRange     '2.5.1',
417 silly addNameRange     '2.5.2',
417 silly addNameRange     '2.5.3',
417 silly addNameRange     '2.5.4',
417 silly addNameRange     '2.5.5',
417 silly addNameRange     '2.6.0',
417 silly addNameRange     '2.6.1',
417 silly addNameRange     '2.6.2',
417 silly addNameRange     '2.7.0',
417 silly addNameRange     '2.8.0',
417 silly addNameRange     '2.9.0',
417 silly addNameRange     '2.10.0',
417 silly addNameRange     '2.10.1',
417 silly addNameRange     '2.10.2',
417 silly addNameRange     '2.11.0',
417 silly addNameRange     '2.11.1',
417 silly addNameRange     '2.12.0',
417 silly addNameRange     '2.13.0',
417 silly addNameRange     '2.14.0',
417 silly addNameRange     '2.14.1',
417 silly addNameRange     '2.15.0' ] ]
418 silly addNamed mysql@2.15.0
419 verbose addNamed "2.15.0" is a plain semver version for mysql
420 silly mapToRegistry name mysql
421 silly mapToRegistry using default registry
422 silly mapToRegistry registry https://registry.npmjs.org/
423 silly mapToRegistry uri https://registry.npmjs.org/mysql
424 verbose addRemoteTarball https://registry.npmjs.org/mysql/-/mysql-2.15.0.tgz not in flight; adding
425 verbose addRemoteTarball [ 'https://registry.npmjs.org/mysql/-/mysql-2.15.0.tgz',
425 verbose addRemoteTarball   'ea16841156343e8f2e47fc8985ec41cdd9573b5c' ]
426 info retry fetch attempt 1 at 12:01:40
427 info attempt registry request try #1 at 12:01:40
428 http fetch GET https://registry.npmjs.org/mysql/-/mysql-2.15.0.tgz
429 http fetch 200 https://registry.npmjs.org/mysql/-/mysql-2.15.0.tgz
430 silly fetchAndShaCheck shasum d01fa6c65859b76fcf31b3cb53a3821a311d8051
431 verbose addTmpTarball C:\Users\ADMINI~1\AppData\Local\Temp\npm-2807468-f1595988\registry.npmjs.org\morgan\-\morgan-1.9.0.tgz not in flight; adding
432 verbose addTmpTarball already have metadata; skipping unpack for morgan@1.9.0
433 silly cache afterAdd morgan@1.9.0
434 verbose afterAdd C:\Users\Administrator\AppData\Roaming\npm-cache\morgan\1.9.0\package\package.json not in flight; writing
435 verbose afterAdd C:\Users\Administrator\AppData\Roaming\npm-cache\morgan\1.9.0\package\package.json written
436 silly fetchAndShaCheck shasum ea16841156343e8f2e47fc8985ec41cdd9573b5c
437 verbose addTmpTarball C:\Users\ADMINI~1\AppData\Local\Temp\npm-2807468-f1595988\registry.npmjs.org\mysql\-\mysql-2.15.0.tgz not in flight; adding
438 verbose addTmpTarball already have metadata; skipping unpack for mysql@2.15.0
439 silly cache afterAdd mysql@2.15.0
440 verbose afterAdd C:\Users\Administrator\AppData\Roaming\npm-cache\mysql\2.15.0\package\package.json not in flight; writing
441 verbose afterAdd C:\Users\Administrator\AppData\Roaming\npm-cache\mysql\2.15.0\package\package.json written
442 info retry will retry, error on last attempt: Error: connect ETIMEDOUT 151.101.72.162:443
443 info attempt registry request try #2 at 12:01:54
444 http request GET https://registry.npmjs.org/mocha
445 http 200 https://registry.npmjs.org/mocha
446 verbose headers { server: 'nginx/1.10.1',
446 verbose headers   'content-type': 'application/json',
446 verbose headers   'last-modified': 'Wed, 01 Nov 2017 23:14:17 GMT',
446 verbose headers   etag: 'W/"59fa5549-cad37"',
446 verbose headers   'content-encoding': 'gzip',
446 verbose headers   'cache-control': 'max-age=300',
446 verbose headers   'content-length': '44529',
446 verbose headers   'accept-ranges': 'bytes',
446 verbose headers   date: 'Sun, 12 Nov 2017 04:01:46 GMT',
446 verbose headers   via: '1.1 varnish',
446 verbose headers   age: '19',
446 verbose headers   connection: 'keep-alive',
446 verbose headers   'x-served-by': 'cache-nrt6138-NRT',
446 verbose headers   'x-cache': 'HIT',
446 verbose headers   'x-cache-hits': '1',
446 verbose headers   'x-timer': 'S1510459307.650889,VS0,VE0',
446 verbose headers   vary: 'Accept-Encoding, Accept' }
447 silly get cb [ 200,
447 silly get   { server: 'nginx/1.10.1',
447 silly get     'content-type': 'application/json',
447 silly get     'last-modified': 'Wed, 01 Nov 2017 23:14:17 GMT',
447 silly get     etag: 'W/"59fa5549-cad37"',
447 silly get     'content-encoding': 'gzip',
447 silly get     'cache-control': 'max-age=300',
447 silly get     'content-length': '44529',
447 silly get     'accept-ranges': 'bytes',
447 silly get     date: 'Sun, 12 Nov 2017 04:01:46 GMT',
447 silly get     via: '1.1 varnish',
447 silly get     age: '19',
447 silly get     connection: 'keep-alive',
447 silly get     'x-served-by': 'cache-nrt6138-NRT',
447 silly get     'x-cache': 'HIT',
447 silly get     'x-cache-hits': '1',
447 silly get     'x-timer': 'S1510459307.650889,VS0,VE0',
447 silly get     vary: 'Accept-Encoding, Accept' } ]
448 verbose get saving mocha to C:\Users\Administrator\AppData\Roaming\npm-cache\registry.npmjs.org\mocha\.cache.json
449 silly resolveWithNewModule mocha@4.0.1 checking installable status
450 silly cache add args [ 'mocha@^4.0.1', null ]
451 verbose cache add spec mocha@^4.0.1
452 silly cache add parsed spec Result {
452 silly cache add   raw: 'mocha@^4.0.1',
452 silly cache add   scope: null,
452 silly cache add   name: 'mocha',
452 silly cache add   rawSpec: '^4.0.1',
452 silly cache add   spec: '>=4.0.1 <5.0.0',
452 silly cache add   type: 'range' }
453 silly addNamed mocha@>=4.0.1 <5.0.0
454 verbose addNamed ">=4.0.1 <5.0.0" is a valid semver range for mocha
455 silly addNameRange { name: 'mocha', range: '>=4.0.1 <5.0.0', hasData: false }
456 silly mapToRegistry name mocha
457 silly mapToRegistry using default registry
458 silly mapToRegistry registry https://registry.npmjs.org/
459 silly mapToRegistry uri https://registry.npmjs.org/mocha
460 verbose addNameRange registry:https://registry.npmjs.org/mocha not in flight; fetching
461 verbose get https://registry.npmjs.org/mocha not expired, no request
462 silly addNameRange number 2 { name: 'mocha', range: '>=4.0.1 <5.0.0', hasData: true }
463 silly addNameRange versions [ 'mocha',
463 silly addNameRange   [ '0.0.1-alpha1',
463 silly addNameRange     '0.0.1-alpha2',
463 silly addNameRange     '0.0.1-alpha3',
463 silly addNameRange     '0.0.1-alpha4',
463 silly addNameRange     '0.0.1-alpha5',
463 silly addNameRange     '0.0.1-alpha6',
463 silly addNameRange     '0.0.1',
463 silly addNameRange     '0.0.2',
463 silly addNameRange     '0.0.3',
463 silly addNameRange     '0.0.4',
463 silly addNameRange     '0.0.5',
463 silly addNameRange     '0.0.6',
463 silly addNameRange     '0.0.7',
463 silly addNameRange     '0.0.8',
463 silly addNameRange     '0.1.0',
463 silly addNameRange     '0.2.0',
463 silly addNameRange     '0.3.0',
463 silly addNameRange     '0.3.1',
463 silly addNameRange     '0.3.2',
463 silly addNameRange     '0.3.3',
463 silly addNameRange     '0.3.4',
463 silly addNameRange     '0.3.6',
463 silly addNameRange     '0.4.0',
463 silly addNameRange     '0.5.0',
463 silly addNameRange     '0.6.0',
463 silly addNameRange     '0.7.0',
463 silly addNameRange     '0.7.1',
463 silly addNameRange     '0.8.0',
463 silly addNameRange     '0.8.1',
463 silly addNameRange     '0.9.0',
463 silly addNameRange     '0.10.0',
463 silly addNameRange     '0.10.1',
463 silly addNameRange     '0.10.2',
463 silly addNameRange     '0.11.0',
463 silly addNameRange     '0.12.0',
463 silly addNameRange     '0.12.1',
463 silly addNameRange     '0.13.0',
463 silly addNameRange     '0.14.0',
463 silly addNameRange     '0.14.1',
463 silly addNameRange     '1.0.0',
463 silly addNameRange     '1.0.1',
463 silly addNameRange     '1.0.2',
463 silly addNameRange     '1.0.3',
463 silly addNameRange     '1.1.0',
463 silly addNameRange     '1.2.0',
463 silly addNameRange     '1.2.1',
463 silly addNameRange     '1.2.2',
463 silly addNameRange     '1.3.0',
463 silly addNameRange     '1.3.1',
463 silly addNameRange     '1.3.2',
463 silly addNameRange     '1.4.0',
463 silly addNameRange     '1.4.1',
463 silly addNameRange     '1.4.2',
463 silly addNameRange     '1.4.3',
463 silly addNameRange     '1.5.0',
463 silly addNameRange     '1.6.0',
463 silly addNameRange     '1.7.0',
463 silly addNameRange     '1.7.1',
463 silly addNameRange     '1.7.2',
463 silly addNameRange     '1.7.3',
463 silly addNameRange     '1.7.4',
463 silly addNameRange     '1.8.0',
463 silly addNameRange     '1.8.1',
463 silly addNameRange     '1.8.2',
463 silly addNameRange     '1.9.0',
463 silly addNameRange     '1.10.0',
463 silly addNameRange     '1.11.0',
463 silly addNameRange     '1.12.0',
463 silly addNameRange     '1.12.1',
463 silly addNameRange     '1.13.0',
463 silly addNameRange     '1.14.0',
463 silly addNameRange     '1.15.0',
463 silly addNameRange     '1.15.1',
463 silly addNameRange     '1.16.0',
463 silly addNameRange     '1.16.1',
463 silly addNameRange     '1.16.2',
463 silly addNameRange     '1.17.0',
463 silly addNameRange     '1.17.1',
463 silly addNameRange     '1.18.0',
463 silly addNameRange     '1.18.1',
463 silly addNameRange     '1.18.2',
463 silly addNameRange     '1.19.0',
463 silly addNameRange     '1.20.0',
463 silly addNameRange     '1.20.1',
463 silly addNameRange     '1.21.0',
463 silly addNameRange     '1.21.1',
463 silly addNameRange     '1.21.2',
463 silly addNameRange     '1.21.3',
463 silly addNameRange     '1.21.4',
463 silly addNameRange     '1.21.5',
463 silly addNameRange     '2.0.0',
463 silly addNameRange     '2.0.1',
463 silly addNameRange     '2.1.0',
463 silly addNameRange     '2.2.0',
463 silly addNameRange     '2.2.1',
463 silly addNameRange     '2.2.3',
463 silly addNameRange     '2.2.4',
463 silly addNameRange     '2.2.5',
463 silly addNameRange     '2.3.0',
463 silly addNameRange     '2.3.1',
463 silly addNameRange     '2.3.2',
463 silly addNameRange     '2.3.3',
463 silly addNameRange     '2.3.4',
463 silly addNameRange     '2.4.1',
463 silly addNameRange     '2.4.2',
463 silly addNameRange     '2.4.3',
463 silly addNameRange     '2.4.4',
463 silly addNameRange     '2.4.5',
463 silly addNameRange     '2.5.0',
463 silly addNameRange     '2.5.1',
463 silly addNameRange     '2.5.2',
463 silly addNameRange     '2.5.3',
463 silly addNameRange     '3.0.0-0',
463 silly addNameRange     '3.0.0-1',
463 silly addNameRange     '3.0.0-2',
463 silly addNameRange     '3.0.0',
463 silly addNameRange     '3.0.1',
463 silly addNameRange     '3.0.2',
463 silly addNameRange     '3.1.0',
463 silly addNameRange     '3.1.1',
463 silly addNameRange     '3.1.2',
463 silly addNameRange     '3.2.0',
463 silly addNameRange     '3.3.0',
463 silly addNameRange     '3.4.1',
463 silly addNameRange     '3.4.2',
463 silly addNameRange     '3.5.0',
463 silly addNameRange     '3.5.1',
463 silly addNameRange     '3.5.2',
463 silly addNameRange     '3.5.3',
463 silly addNameRange     '4.0.0',
463 silly addNameRange     '4.0.1' ] ]
464 silly addNamed mocha@4.0.1
465 verbose addNamed "4.0.1" is a plain semver version for mocha
466 silly mapToRegistry name mocha
467 silly mapToRegistry using default registry
468 silly mapToRegistry registry https://registry.npmjs.org/
469 silly mapToRegistry uri https://registry.npmjs.org/mocha
470 verbose addRemoteTarball https://registry.npmjs.org/mocha/-/mocha-4.0.1.tgz not in flight; adding
471 verbose addRemoteTarball [ 'https://registry.npmjs.org/mocha/-/mocha-4.0.1.tgz',
471 verbose addRemoteTarball   '0aee5a95cf69a4618820f5e51fa31717117daf1b' ]
472 info retry fetch attempt 1 at 12:01:55
473 info attempt registry request try #1 at 12:01:55
474 http fetch GET https://registry.npmjs.org/mocha/-/mocha-4.0.1.tgz
475 silly fetchAndShaCheck shasum e35c6dfe2d64b7dca0a5cd4f21781be3299e076c
476 verbose addTmpTarball C:\Users\ADMINI~1\AppData\Local\Temp\npm-2807468-f1595988\registry.npmjs.org\express\-\express-4.16.2.tgz not in flight; adding
477 verbose addTmpTarball already have metadata; skipping unpack for express@4.16.2
478 silly cache afterAdd express@4.16.2
479 verbose afterAdd C:\Users\Administrator\AppData\Roaming\npm-cache\express\4.16.2\package\package.json not in flight; writing
480 verbose afterAdd C:\Users\Administrator\AppData\Roaming\npm-cache\express\4.16.2\package\package.json written
481 http fetch 200 https://registry.npmjs.org/mocha/-/mocha-4.0.1.tgz
482 verbose stack Error: read ECONNRESET
482 verbose stack     at exports._errnoException (util.js:855:11)
482 verbose stack     at TLSWrap.onread (net.js:544:26)
483 verbose cwd D:\workspace_sts_3.9.x\cnbicloud
484 error Windows_NT 6.1.7601
485 error argv "D:\\ProgramFiles\\nodejs\\node.exe" "D:\\ProgramFiles\\nodejs\\node_modules\\npm\\bin\\npm-cli.js" "install" "-g" "xmysql"
486 error node v5.3.0
487 error npm  v3.3.12
488 error code ECONNRESET
489 error errno ECONNRESET
490 error syscall read
491 error network read ECONNRESET
491 error network This is most likely not a problem with npm itself
491 error network and is related to network connectivity.
491 error network In most cases you are behind a proxy or have bad network settings.
491 error network
491 error network If you are behind a proxy, please make sure that the
491 error network 'proxy' config is set properly.  See: 'npm help config'
492 verbose exit [ 1, true ]
